{
  "/home/yanch/hexlet-abstraction-with-data/src/index.js": {
    "path": "/home/yanch/hexlet-abstraction-with-data/src/index.js",
    "statementMap": {
      "0": {
        "start": { "line": 4, "column": 33 },
        "end": { "line": 12, "column": 1 }
      },
      "1": {
        "start": { "line": 5, "column": 4 },
        "end": { "line": 7, "column": 5 }
      },
      "2": {
        "start": { "line": 6, "column": 8 },
        "end": { "line": 6, "column": 55 }
      },
      "3": {
        "start": { "line": 8, "column": 4 },
        "end": { "line": 10, "column": 5 }
      },
      "4": {
        "start": { "line": 9, "column": 8 },
        "end": { "line": 9, "column": 73 }
      },
      "5": {
        "start": { "line": 11, "column": 4 },
        "end": { "line": 11, "column": 94 }
      }
    },
    "fnMap": {
      "0": {
        "name": "(anonymous_0)",
        "decl": {
          "start": { "line": 4, "column": 33 },
          "end": { "line": 4, "column": 34 }
        },
        "loc": {
          "start": { "line": 4, "column": 53 },
          "end": { "line": 12, "column": 1 }
        },
        "line": 4
      }
    },
    "branchMap": {
      "0": {
        "loc": {
          "start": { "line": 5, "column": 4 },
          "end": { "line": 7, "column": 5 }
        },
        "type": "if",
        "locations": [
          {
            "start": { "line": 5, "column": 4 },
            "end": { "line": 7, "column": 5 }
          },
          { "start": {}, "end": {} }
        ],
        "line": 5
      },
      "1": {
        "loc": {
          "start": { "line": 5, "column": 8 },
          "end": { "line": 5, "column": 56 }
        },
        "type": "binary-expr",
        "locations": [
          {
            "start": { "line": 5, "column": 8 },
            "end": { "line": 5, "column": 30 }
          },
          {
            "start": { "line": 5, "column": 34 },
            "end": { "line": 5, "column": 56 }
          }
        ],
        "line": 5
      },
      "2": {
        "loc": {
          "start": { "line": 8, "column": 4 },
          "end": { "line": 10, "column": 5 }
        },
        "type": "if",
        "locations": [
          {
            "start": { "line": 8, "column": 4 },
            "end": { "line": 10, "column": 5 }
          },
          { "start": {}, "end": {} }
        ],
        "line": 8
      },
      "3": {
        "loc": {
          "start": { "line": 8, "column": 8 },
          "end": { "line": 8, "column": 50 }
        },
        "type": "binary-expr",
        "locations": [
          {
            "start": { "line": 8, "column": 8 },
            "end": { "line": 8, "column": 27 }
          },
          {
            "start": { "line": 8, "column": 31 },
            "end": { "line": 8, "column": 50 }
          }
        ],
        "line": 8
      }
    },
    "s": { "0": 1, "1": 6, "2": 1, "3": 5, "4": 1, "5": 4 },
    "f": { "0": 6 },
    "b": { "0": [1, 5], "1": [6, 6], "2": [1, 4], "3": [5, 4] },
    "inputSourceMap": null,
    "_coverageSchema": "1a1c01bbd47fc00a2c39e90264f33305004495a9",
    "hash": "c6239a5e99e3d3caebe1f25bb44dbb9e84bdce66"
  }
}
